Build started 7/6/2022 7:12:07 AM.
     1>Project "F:\VsC\Basic\ConsoleApplication1\ConsoleApplication1\ConsoleApplication1.vcxproj" on node 2 (Build target(s)).
     1>ClCompile:
         C:\Program Files (x86)\Microsoft Visual Studio 11.0\VC\bin\CL.exe /c /ZI /nologo /W3 /WX- /Od /Oy- /D WIN32 /D _DEBUG /D _CONSOLE /D _UNICODE /D UNICODE /Gm /EHsc /RTC1 /MDd /GS /fp:precise /Zc:wchar_t /Zc:forScope /Fo"Debug\\" /Fd"Debug\vc110.pdb" /Gd /TC /analyze- /errorReport:prompt Source.c constant.c
         constant.c
         Source.c
     1>f:\vsc\basic\consoleapplication1\consoleapplication1\source.c(52): warning C4996: 'getch': The POSIX name for this item is deprecated. Instead, use the ISO C++ conformant name: _getch. See online help for details.
                 c:\program files (x86)\microsoft visual studio 11.0\vc\include\conio.h(131) : see declaration of 'getch'
         Generating Code...
       Link:
         C:\Program Files (x86)\Microsoft Visual Studio 11.0\VC\bin\link.exe /ERRORREPORT:PROMPT /OUT:"F:\VsC\Basic\ConsoleApplication1\Debug\Constant.exe" /INCREMENTAL /NOLOGO kernel32.lib user32.lib gdi32.lib winspool.lib comdlg32.lib advapi32.lib shell32.lib ole32.lib oleaut32.lib uuid.lib odbc32.lib odbccp32.lib /MANIFEST /MANIFESTUAC:"level='asInvoker' uiAccess='false'" /manifest:embed /DEBUG /PDB:"F:\VsC\Basic\ConsoleApplication1\Debug\Constant.pdb" /SUBSYSTEM:CONSOLE /TLBID:1 /DYNAMICBASE /NXCOMPAT /IMPLIB:"F:\VsC\Basic\ConsoleApplication1\Debug\Constant.lib" /MACHINE:X86 Debug\add.obj
         Debug\constant.obj
         Debug\mul.obj
         Debug\Source.obj
         Debug\static.obj
         Debug\sub.obj
     1>Source.obj : error LNK2019: unresolved external symbol _add referenced in function _main
     1>static.obj : error LNK2001: unresolved external symbol _x
     1>F:\VsC\Basic\ConsoleApplication1\Debug\Constant.exe : fatal error LNK1120: 2 unresolved externals
     1>Done Building Project "F:\VsC\Basic\ConsoleApplication1\ConsoleApplication1\ConsoleApplication1.vcxproj" (Build target(s)) -- FAILED.

Build FAILED.

Time Elapsed 00:00:01.00
