Build started 6/4/2022 11:21:49 PM.
     1>Project "C:\Users\satis\Desktop\String\Q1PrintGivenString\Q1PrintGivenString\Q1PrintGivenString.vcxproj" on node 2 (Build target(s)).
     1>ClCompile:
         C:\Program Files (x86)\Microsoft Visual Studio 11.0\VC\bin\CL.exe /c /ZI /nologo /W3 /WX- /Od /Oy- /D WIN32 /D _DEBUG /D _CONSOLE /D _UNICODE /D UNICODE /Gm /EHsc /RTC1 /MDd /GS /fp:precise /Zc:wchar_t /Zc:forScope /Fo"Debug\\" /Fd"Debug\vc110.pdb" /Gd /TC /analyze- /errorReport:prompt Main.c
         Main.c
     1>c:\users\satis\desktop\string\q1printgivenstring\q1printgivenstring\main.c(14): warning C4013: 'removeSpaces' undefined; assuming extern returning int
     1>c:\users\satis\desktop\string\q1printgivenstring\q1printgivenstring\main.c(14): error C2059: syntax error : ']'
     1>Done Building Project "C:\Users\satis\Desktop\String\Q1PrintGivenString\Q1PrintGivenString\Q1PrintGivenString.vcxproj" (Build target(s)) -- FAILED.

Build FAILED.

Time Elapsed 00:00:00.25
